<?xml version="1.0" encoding="UTF-8"?>
<coverage generated="1619051193937" clover="3.2.0">
  <project timestamp="1619051193937" name="All files">
    <metrics statements="44" coveredstatements="44" conditionals="8" coveredconditionals="8" methods="17" coveredmethods="17" elements="69" coveredelements="69" complexity="0" loc="44" ncloc="44" packages="1" files="1" classes="1"/>
    <file name="index.js" path="C:\Users\user\LIM014-mdlinks\src\index.js">
      <metrics statements="44" coveredstatements="44" conditionals="8" coveredconditionals="8" methods="17" coveredmethods="17"/>
      <line num="2" count="1" type="stmt"/>
      <line num="3" count="1" type="stmt"/>
      <line num="6" count="1" type="stmt"/>
      <line num="7" count="1" type="stmt"/>
      <line num="8" count="1" type="stmt"/>
      <line num="11" count="1" type="stmt"/>
      <line num="17" count="2" type="stmt"/>
      <line num="21" count="1" type="stmt"/>
      <line num="22" count="2" type="cond" truecount="2" falsecount="0"/>
      <line num="23" count="1" type="stmt"/>
      <line num="25" count="1" type="stmt"/>
      <line num="32" count="1" type="stmt"/>
      <line num="36" count="5" type="stmt"/>
      <line num="40" count="5" type="stmt"/>
      <line num="45" count="10" type="stmt"/>
      <line num="49" count="1" type="stmt"/>
      <line num="50" count="2" type="stmt"/>
      <line num="51" count="2" type="cond" truecount="2" falsecount="0"/>
      <line num="52" count="1" type="stmt"/>
      <line num="54" count="1" type="stmt"/>
      <line num="64" count="1" type="stmt"/>
      <line num="66" count="4" type="stmt"/>
      <line num="67" count="4" type="stmt"/>
      <line num="68" count="4" type="stmt"/>
      <line num="69" count="10" type="stmt"/>
      <line num="70" count="10" type="cond" truecount="2" falsecount="0"/>
      <line num="71" count="5" type="stmt"/>
      <line num="72" count="5" type="cond" truecount="2" falsecount="0"/>
      <line num="73" count="3" type="stmt"/>
      <line num="76" count="4" type="stmt"/>
      <line num="86" count="1" type="stmt"/>
      <line num="87" count="1" type="stmt"/>
      <line num="88" count="1" type="stmt"/>
      <line num="89" count="1" type="stmt"/>
      <line num="90" count="1" type="stmt"/>
      <line num="91" count="1" type="stmt"/>
      <line num="93" count="2" type="stmt"/>
      <line num="101" count="1" type="stmt"/>
      <line num="111" count="1" type="stmt"/>
      <line num="112" count="2" type="stmt"/>
      <line num="113" count="1" type="stmt"/>
      <line num="114" count="1" type="stmt"/>
      <line num="115" count="2" type="stmt"/>
      <line num="125" count="1" type="stmt"/>
    </file>
  </project>
</coverage>
