{"C:\\Users\\user\\LIM014-mdlinks\\src\\index.js": {"path":"C:\\Users\\user\\LIM014-mdlinks\\src\\index.js","statementMap":{"0":{"start":{"line":2,"column":13},"end":{"line":2,"column":29}},"1":{"start":{"line":3,"column":11},"end":{"line":3,"column":25}},"2":{"start":{"line":6,"column":16},"end":{"line":6,"column":35}},"3":{"start":{"line":7,"column":15},"end":{"line":7,"column":33}},"4":{"start":{"line":8,"column":14},"end":{"line":8,"column":36}},"5":{"start":{"line":11,"column":21},"end":{"line":11,"column":50}},"6":{"start":{"line":11,"column":31},"end":{"line":11,"column":50}},"7":{"start":{"line":15,"column":22},"end":{"line":15,"column":54}},"8":{"start":{"line":15,"column":33},"end":{"line":15,"column":54}},"9":{"start":{"line":19,"column":21},"end":{"line":19,"column":54}},"10":{"start":{"line":19,"column":32},"end":{"line":19,"column":54}},"11":{"start":{"line":23,"column":27},"end":{"line":23,"column":57}},"12":{"start":{"line":23,"column":38},"end":{"line":23,"column":57}},"13":{"start":{"line":27,"column":14},"end":{"line":27,"column":46}},"14":{"start":{"line":27,"column":25},"end":{"line":27,"column":46}},"15":{"start":{"line":31,"column":14},"end":{"line":31,"column":43}},"16":{"start":{"line":31,"column":25},"end":{"line":31,"column":43}},"17":{"start":{"line":35,"column":18},"end":{"line":35,"column":59}},"18":{"start":{"line":35,"column":31},"end":{"line":35,"column":59}},"19":{"start":{"line":39,"column":17},"end":{"line":39,"column":59}},"20":{"start":{"line":39,"column":29},"end":{"line":39,"column":58}},"21":{"start":{"line":43,"column":18},"end":{"line":49,"column":1}},"22":{"start":{"line":44,"column":2},"end":{"line":44,"column":27}},"23":{"start":{"line":45,"column":2},"end":{"line":48,"column":55}},"24":{"start":{"line":46,"column":4},"end":{"line":46,"column":49}},"25":{"start":{"line":48,"column":4},"end":{"line":48,"column":52}},"26":{"start":{"line":101,"column":22},"end":{"line":115,"column":1}},"27":{"start":{"line":102,"column":22},"end":{"line":102,"column":61}},"28":{"start":{"line":103,"column":22},"end":{"line":103,"column":46}},"29":{"start":{"line":104,"column":19},"end":{"line":104,"column":21}},"30":{"start":{"line":105,"column":2},"end":{"line":113,"column":3}},"31":{"start":{"line":107,"column":6},"end":{"line":111,"column":8}},"32":{"start":{"line":114,"column":2},"end":{"line":114,"column":18}},"33":{"start":{"line":125,"column":22},"end":{"line":131,"column":1}},"34":{"start":{"line":126,"column":13},"end":{"line":128,"column":78}},"35":{"start":{"line":126,"column":35},"end":{"line":128,"column":77}},"36":{"start":{"line":127,"column":20},"end":{"line":127,"column":75}},"37":{"start":{"line":128,"column":18},"end":{"line":128,"column":75}},"38":{"start":{"line":129,"column":2},"end":{"line":129,"column":26}},"39":{"start":{"line":141,"column":0},"end":{"line":153,"column":1}}},"fnMap":{"0":{"name":"(anonymous_0)","decl":{"start":{"line":11,"column":21},"end":{"line":11,"column":22}},"loc":{"start":{"line":11,"column":31},"end":{"line":11,"column":50}},"line":11},"1":{"name":"(anonymous_1)","decl":{"start":{"line":15,"column":22},"end":{"line":15,"column":23}},"loc":{"start":{"line":15,"column":33},"end":{"line":15,"column":54}},"line":15},"2":{"name":"(anonymous_2)","decl":{"start":{"line":19,"column":21},"end":{"line":19,"column":22}},"loc":{"start":{"line":19,"column":32},"end":{"line":19,"column":54}},"line":19},"3":{"name":"(anonymous_3)","decl":{"start":{"line":23,"column":27},"end":{"line":23,"column":28}},"loc":{"start":{"line":23,"column":38},"end":{"line":23,"column":57}},"line":23},"4":{"name":"(anonymous_4)","decl":{"start":{"line":27,"column":14},"end":{"line":27,"column":15}},"loc":{"start":{"line":27,"column":25},"end":{"line":27,"column":46}},"line":27},"5":{"name":"(anonymous_5)","decl":{"start":{"line":31,"column":14},"end":{"line":31,"column":15}},"loc":{"start":{"line":31,"column":25},"end":{"line":31,"column":43}},"line":31},"6":{"name":"(anonymous_6)","decl":{"start":{"line":35,"column":18},"end":{"line":35,"column":19}},"loc":{"start":{"line":35,"column":31},"end":{"line":35,"column":59}},"line":35},"7":{"name":"(anonymous_7)","decl":{"start":{"line":39,"column":17},"end":{"line":39,"column":18}},"loc":{"start":{"line":39,"column":29},"end":{"line":39,"column":58}},"line":39},"8":{"name":"(anonymous_8)","decl":{"start":{"line":43,"column":18},"end":{"line":43,"column":19}},"loc":{"start":{"line":43,"column":28},"end":{"line":49,"column":1}},"line":43},"9":{"name":"(anonymous_9)","decl":{"start":{"line":101,"column":22},"end":{"line":101,"column":23}},"loc":{"start":{"line":101,"column":34},"end":{"line":115,"column":1}},"line":101},"10":{"name":"(anonymous_10)","decl":{"start":{"line":106,"column":4},"end":{"line":106,"column":5}},"loc":{"start":{"line":106,"column":20},"end":{"line":112,"column":5}},"line":106},"11":{"name":"(anonymous_11)","decl":{"start":{"line":125,"column":22},"end":{"line":125,"column":23}},"loc":{"start":{"line":125,"column":36},"end":{"line":131,"column":1}},"line":125},"12":{"name":"(anonymous_12)","decl":{"start":{"line":126,"column":26},"end":{"line":126,"column":27}},"loc":{"start":{"line":126,"column":35},"end":{"line":128,"column":77}},"line":126},"13":{"name":"(anonymous_13)","decl":{"start":{"line":127,"column":10},"end":{"line":127,"column":11}},"loc":{"start":{"line":127,"column":20},"end":{"line":127,"column":75}},"line":127},"14":{"name":"(anonymous_14)","decl":{"start":{"line":128,"column":11},"end":{"line":128,"column":12}},"loc":{"start":{"line":128,"column":18},"end":{"line":128,"column":75}},"line":128}},"branchMap":{"0":{"loc":{"start":{"line":45,"column":2},"end":{"line":48,"column":55}},"type":"if","locations":[{"start":{"line":45,"column":2},"end":{"line":48,"column":55}},{"start":{"line":45,"column":2},"end":{"line":48,"column":55}}],"line":45}},"s":{"0":1,"1":1,"2":1,"3":1,"4":1,"5":1,"6":0,"7":1,"8":0,"9":1,"10":0,"11":1,"12":0,"13":1,"14":0,"15":1,"16":0,"17":1,"18":0,"19":1,"20":0,"21":1,"22":0,"23":0,"24":0,"25":0,"26":1,"27":0,"28":0,"29":0,"30":0,"31":0,"32":0,"33":1,"34":0,"35":0,"36":0,"37":0,"38":0,"39":1},"f":{"0":0,"1":0,"2":0,"3":0,"4":0,"5":0,"6":0,"7":0,"8":0,"9":0,"10":0,"11":0,"12":0,"13":0,"14":0},"b":{"0":[0,0]},"_coverageSchema":"1a1c01bbd47fc00a2c39e90264f33305004495a9","hash":"0896164adfc51573dfcf55f511a8e560a6eec9f9"}
}
