{"C:\\Users\\user\\LIM014-mdlinks\\src\\index.js": {"path":"C:\\Users\\user\\LIM014-mdlinks\\src\\index.js","statementMap":{"0":{"start":{"line":2,"column":13},"end":{"line":2,"column":29}},"1":{"start":{"line":3,"column":11},"end":{"line":3,"column":25}},"2":{"start":{"line":6,"column":16},"end":{"line":6,"column":35}},"3":{"start":{"line":7,"column":15},"end":{"line":7,"column":33}},"4":{"start":{"line":8,"column":14},"end":{"line":8,"column":36}},"5":{"start":{"line":11,"column":21},"end":{"line":11,"column":50}},"6":{"start":{"line":11,"column":31},"end":{"line":11,"column":50}},"7":{"start":{"line":17,"column":21},"end":{"line":17,"column":54}},"8":{"start":{"line":17,"column":32},"end":{"line":17,"column":54}},"9":{"start":{"line":21,"column":27},"end":{"line":27,"column":1}},"10":{"start":{"line":22,"column":2},"end":{"line":26,"column":3}},"11":{"start":{"line":23,"column":4},"end":{"line":23,"column":47}},"12":{"start":{"line":25,"column":4},"end":{"line":25,"column":31}},"13":{"start":{"line":32,"column":22},"end":{"line":32,"column":54}},"14":{"start":{"line":32,"column":33},"end":{"line":32,"column":54}},"15":{"start":{"line":36,"column":14},"end":{"line":36,"column":43}},"16":{"start":{"line":36,"column":25},"end":{"line":36,"column":43}},"17":{"start":{"line":40,"column":18},"end":{"line":40,"column":59}},"18":{"start":{"line":40,"column":31},"end":{"line":40,"column":59}},"19":{"start":{"line":45,"column":17},"end":{"line":45,"column":59}},"20":{"start":{"line":45,"column":29},"end":{"line":45,"column":58}},"21":{"start":{"line":49,"column":18},"end":{"line":55,"column":1}},"22":{"start":{"line":50,"column":15},"end":{"line":50,"column":32}},"23":{"start":{"line":51,"column":2},"end":{"line":54,"column":55}},"24":{"start":{"line":52,"column":4},"end":{"line":52,"column":49}},"25":{"start":{"line":54,"column":4},"end":{"line":54,"column":52}},"26":{"start":{"line":64,"column":27},"end":{"line":77,"column":1}},"27":{"start":{"line":66,"column":17},"end":{"line":66,"column":19}},"28":{"start":{"line":67,"column":14},"end":{"line":67,"column":37}},"29":{"start":{"line":68,"column":4},"end":{"line":75,"column":5}},"30":{"start":{"line":69,"column":24},"end":{"line":69,"column":51}},"31":{"start":{"line":70,"column":4},"end":{"line":74,"column":5}},"32":{"start":{"line":71,"column":6},"end":{"line":71,"column":33}},"33":{"start":{"line":72,"column":11},"end":{"line":74,"column":5}},"34":{"start":{"line":73,"column":6},"end":{"line":73,"column":65}},"35":{"start":{"line":76,"column":2},"end":{"line":76,"column":18}},"36":{"start":{"line":86,"column":22},"end":{"line":102,"column":1}},"37":{"start":{"line":87,"column":19},"end":{"line":87,"column":21}},"38":{"start":{"line":88,"column":4},"end":{"line":100,"column":6}},"39":{"start":{"line":89,"column":26},"end":{"line":89,"column":63}},"40":{"start":{"line":90,"column":26},"end":{"line":90,"column":50}},"41":{"start":{"line":91,"column":6},"end":{"line":99,"column":8}},"42":{"start":{"line":93,"column":11},"end":{"line":97,"column":13}},"43":{"start":{"line":101,"column":2},"end":{"line":101,"column":18}},"44":{"start":{"line":111,"column":22},"end":{"line":117,"column":1}},"45":{"start":{"line":112,"column":13},"end":{"line":114,"column":61}},"46":{"start":{"line":112,"column":35},"end":{"line":114,"column":60}},"47":{"start":{"line":113,"column":20},"end":{"line":113,"column":75}},"48":{"start":{"line":114,"column":18},"end":{"line":114,"column":58}},"49":{"start":{"line":115,"column":2},"end":{"line":115,"column":26}},"50":{"start":{"line":125,"column":0},"end":{"line":137,"column":1}}},"fnMap":{"0":{"name":"(anonymous_0)","decl":{"start":{"line":11,"column":21},"end":{"line":11,"column":22}},"loc":{"start":{"line":11,"column":31},"end":{"line":11,"column":50}},"line":11},"1":{"name":"(anonymous_1)","decl":{"start":{"line":17,"column":21},"end":{"line":17,"column":22}},"loc":{"start":{"line":17,"column":32},"end":{"line":17,"column":54}},"line":17},"2":{"name":"(anonymous_2)","decl":{"start":{"line":21,"column":27},"end":{"line":21,"column":28}},"loc":{"start":{"line":21,"column":38},"end":{"line":27,"column":1}},"line":21},"3":{"name":"(anonymous_3)","decl":{"start":{"line":32,"column":22},"end":{"line":32,"column":23}},"loc":{"start":{"line":32,"column":33},"end":{"line":32,"column":54}},"line":32},"4":{"name":"(anonymous_4)","decl":{"start":{"line":36,"column":14},"end":{"line":36,"column":15}},"loc":{"start":{"line":36,"column":25},"end":{"line":36,"column":43}},"line":36},"5":{"name":"(anonymous_5)","decl":{"start":{"line":40,"column":18},"end":{"line":40,"column":19}},"loc":{"start":{"line":40,"column":31},"end":{"line":40,"column":59}},"line":40},"6":{"name":"(anonymous_6)","decl":{"start":{"line":45,"column":17},"end":{"line":45,"column":18}},"loc":{"start":{"line":45,"column":29},"end":{"line":45,"column":58}},"line":45},"7":{"name":"(anonymous_7)","decl":{"start":{"line":49,"column":18},"end":{"line":49,"column":19}},"loc":{"start":{"line":49,"column":28},"end":{"line":55,"column":1}},"line":49},"8":{"name":"(anonymous_8)","decl":{"start":{"line":64,"column":27},"end":{"line":64,"column":28}},"loc":{"start":{"line":64,"column":40},"end":{"line":77,"column":1}},"line":64},"9":{"name":"(anonymous_9)","decl":{"start":{"line":68,"column":16},"end":{"line":68,"column":17}},"loc":{"start":{"line":68,"column":29},"end":{"line":75,"column":3}},"line":68},"10":{"name":"(anonymous_10)","decl":{"start":{"line":86,"column":22},"end":{"line":86,"column":23}},"loc":{"start":{"line":86,"column":34},"end":{"line":102,"column":1}},"line":86},"11":{"name":"(anonymous_11)","decl":{"start":{"line":88,"column":19},"end":{"line":88,"column":20}},"loc":{"start":{"line":88,"column":29},"end":{"line":100,"column":5}},"line":88},"12":{"name":"(anonymous_12)","decl":{"start":{"line":92,"column":9},"end":{"line":92,"column":10}},"loc":{"start":{"line":92,"column":25},"end":{"line":98,"column":10}},"line":92},"13":{"name":"(anonymous_13)","decl":{"start":{"line":111,"column":22},"end":{"line":111,"column":23}},"loc":{"start":{"line":111,"column":36},"end":{"line":117,"column":1}},"line":111},"14":{"name":"(anonymous_14)","decl":{"start":{"line":112,"column":26},"end":{"line":112,"column":27}},"loc":{"start":{"line":112,"column":35},"end":{"line":114,"column":60}},"line":112},"15":{"name":"(anonymous_15)","decl":{"start":{"line":113,"column":10},"end":{"line":113,"column":11}},"loc":{"start":{"line":113,"column":20},"end":{"line":113,"column":75}},"line":113},"16":{"name":"(anonymous_16)","decl":{"start":{"line":114,"column":11},"end":{"line":114,"column":12}},"loc":{"start":{"line":114,"column":18},"end":{"line":114,"column":58}},"line":114}},"branchMap":{"0":{"loc":{"start":{"line":22,"column":2},"end":{"line":26,"column":3}},"type":"if","locations":[{"start":{"line":22,"column":2},"end":{"line":26,"column":3}},{"start":{"line":22,"column":2},"end":{"line":26,"column":3}}],"line":22},"1":{"loc":{"start":{"line":51,"column":2},"end":{"line":54,"column":55}},"type":"if","locations":[{"start":{"line":51,"column":2},"end":{"line":54,"column":55}},{"start":{"line":51,"column":2},"end":{"line":54,"column":55}}],"line":51},"2":{"loc":{"start":{"line":70,"column":4},"end":{"line":74,"column":5}},"type":"if","locations":[{"start":{"line":70,"column":4},"end":{"line":74,"column":5}},{"start":{"line":70,"column":4},"end":{"line":74,"column":5}}],"line":70},"3":{"loc":{"start":{"line":72,"column":11},"end":{"line":74,"column":5}},"type":"if","locations":[{"start":{"line":72,"column":11},"end":{"line":74,"column":5}},{"start":{"line":72,"column":11},"end":{"line":74,"column":5}}],"line":72}},"s":{"0":1,"1":1,"2":1,"3":1,"4":1,"5":1,"6":1,"7":1,"8":2,"9":1,"10":2,"11":1,"12":1,"13":1,"14":1,"15":1,"16":5,"17":1,"18":5,"19":1,"20":10,"21":1,"22":2,"23":2,"24":1,"25":1,"26":1,"27":4,"28":4,"29":4,"30":10,"31":10,"32":5,"33":5,"34":3,"35":4,"36":1,"37":1,"38":1,"39":1,"40":1,"41":1,"42":2,"43":1,"44":1,"45":2,"46":2,"47":1,"48":1,"49":2,"50":1},"f":{"0":1,"1":2,"2":2,"3":1,"4":5,"5":5,"6":10,"7":2,"8":4,"9":10,"10":1,"11":1,"12":2,"13":2,"14":2,"15":1,"16":1},"b":{"0":[1,1],"1":[1,1],"2":[5,5],"3":[3,2]},"_coverageSchema":"1a1c01bbd47fc00a2c39e90264f33305004495a9","hash":"eb3e3956a680c0c84aef61ab722b9ba98b4e1876"}
}
