TN:
SF:src\index.js
FN:11,(anonymous_0)
FN:17,(anonymous_1)
FN:21,(anonymous_2)
FN:32,(anonymous_3)
FN:36,(anonymous_4)
FN:40,(anonymous_5)
FN:45,(anonymous_6)
FN:49,(anonymous_7)
FN:64,(anonymous_8)
FN:68,(anonymous_9)
FN:86,(anonymous_10)
FN:88,(anonymous_11)
FN:92,(anonymous_12)
FN:111,(anonymous_13)
FN:112,(anonymous_14)
FN:113,(anonymous_15)
FN:114,(anonymous_16)
FNF:17
FNH:17
FNDA:1,(anonymous_0)
FNDA:2,(anonymous_1)
FNDA:2,(anonymous_2)
FNDA:1,(anonymous_3)
FNDA:5,(anonymous_4)
FNDA:5,(anonymous_5)
FNDA:10,(anonymous_6)
FNDA:2,(anonymous_7)
FNDA:4,(anonymous_8)
FNDA:10,(anonymous_9)
FNDA:1,(anonymous_10)
FNDA:1,(anonymous_11)
FNDA:2,(anonymous_12)
FNDA:2,(anonymous_13)
FNDA:2,(anonymous_14)
FNDA:1,(anonymous_15)
FNDA:1,(anonymous_16)
DA:2,1
DA:3,1
DA:6,1
DA:7,1
DA:8,1
DA:11,1
DA:17,2
DA:21,1
DA:22,2
DA:23,1
DA:25,1
DA:32,1
DA:36,5
DA:40,5
DA:45,10
DA:49,1
DA:50,2
DA:51,2
DA:52,1
DA:54,1
DA:64,1
DA:66,4
DA:67,4
DA:68,4
DA:69,10
DA:70,10
DA:71,5
DA:72,5
DA:73,3
DA:76,4
DA:86,1
DA:87,1
DA:88,1
DA:89,1
DA:90,1
DA:91,1
DA:93,2
DA:101,1
DA:111,1
DA:112,2
DA:113,1
DA:114,1
DA:115,2
DA:125,1
LF:44
LH:44
BRDA:22,0,0,1
BRDA:22,0,1,1
BRDA:51,1,0,1
BRDA:51,1,1,1
BRDA:70,2,0,5
BRDA:70,2,1,5
BRDA:72,3,0,3
BRDA:72,3,1,2
BRF:8
BRH:8
end_of_record
