TN:
SF:src\index.js
FN:11,(anonymous_0)
FN:15,(anonymous_1)
FN:19,(anonymous_2)
FN:23,(anonymous_3)
FN:27,(anonymous_4)
FN:31,(anonymous_5)
FN:35,(anonymous_6)
FN:39,(anonymous_7)
FN:43,(anonymous_8)
FN:101,(anonymous_9)
FN:106,(anonymous_10)
FN:125,(anonymous_11)
FN:126,(anonymous_12)
FN:127,(anonymous_13)
FN:128,(anonymous_14)
FNF:15
FNH:0
FNDA:0,(anonymous_0)
FNDA:0,(anonymous_1)
FNDA:0,(anonymous_2)
FNDA:0,(anonymous_3)
FNDA:0,(anonymous_4)
FNDA:0,(anonymous_5)
FNDA:0,(anonymous_6)
FNDA:0,(anonymous_7)
FNDA:0,(anonymous_8)
FNDA:0,(anonymous_9)
FNDA:0,(anonymous_10)
FNDA:0,(anonymous_11)
FNDA:0,(anonymous_12)
FNDA:0,(anonymous_13)
FNDA:0,(anonymous_14)
DA:2,1
DA:3,1
DA:6,1
DA:7,1
DA:8,1
DA:11,1
DA:15,1
DA:19,1
DA:23,1
DA:27,1
DA:31,1
DA:35,1
DA:39,1
DA:43,1
DA:44,0
DA:45,0
DA:46,0
DA:48,0
DA:101,1
DA:102,0
DA:103,0
DA:104,0
DA:105,0
DA:107,0
DA:114,0
DA:125,1
DA:126,0
DA:127,0
DA:128,0
DA:129,0
DA:141,1
LF:31
LH:17
BRDA:45,0,0,0
BRDA:45,0,1,0
BRF:2
BRH:0
end_of_record
